0 info it worked if it ends with ok
1 verbose cli [ '/usr/bin/nodejs', '/usr/bin/npm', 'install', 'node' ]
2 info using npm@3.5.2
3 info using node@v4.2.6
4 silly loadCurrentTree Starting
5 silly install loadCurrentTree
6 silly install readLocalPackageData
7 silly fetchPackageMetaData node
8 silly fetchNamedPackageData node
9 silly mapToRegistry name node
10 silly mapToRegistry using default registry
11 silly mapToRegistry registry https://registry.npmjs.org/
12 silly mapToRegistry uri https://registry.npmjs.org/node
13 verbose request uri https://registry.npmjs.org/node
14 verbose request no auth needed
15 info attempt registry request try #1 at 9:27:52 PM
16 verbose request id 0a41ae3ee995bebe
17 http request GET https://registry.npmjs.org/node
18 http 200 https://registry.npmjs.org/node
19 verbose headers { date: 'Fri, 28 Dec 2018 15:57:53 GMT',
19 verbose headers   'content-type': 'application/json',
19 verbose headers   'transfer-encoding': 'chunked',
19 verbose headers   connection: 'keep-alive',
19 verbose headers   'set-cookie': [ '__cfduid=df7578545e4013be8c1bc663ac731e4031546012672; expires=Sat, 28-Dec-19 15:57:52 GMT; path=/; domain=.registry.npmjs.org; HttpOnly' ],
19 verbose headers   'cf-cache-status': 'REVALIDATED',
19 verbose headers   'cache-control': 'max-age=300',
19 verbose headers   'cf-ray': '490539a53f808a5b-BOM',
19 verbose headers   etag: 'W/"2fe651b79ad00a1d9a291e11d353edad"',
19 verbose headers   'expect-ct': 'max-age=604800, report-uri="https://report-uri.cloudflare.com/cdn-cgi/beacon/expect-ct"',
19 verbose headers   'last-modified': 'Sat, 22 Dec 2018 03:24:21 GMT',
19 verbose headers   vary: 'accept-encoding, accept',
19 verbose headers   'x-amz-meta-rev': '447-23d98fa9ecd31da689f9691231286e16',
19 verbose headers   server: 'cloudflare',
19 verbose headers   'content-encoding': 'gzip' }
20 silly get cb [ 200,
20 silly get   { date: 'Fri, 28 Dec 2018 15:57:53 GMT',
20 silly get     'content-type': 'application/json',
20 silly get     'transfer-encoding': 'chunked',
20 silly get     connection: 'keep-alive',
20 silly get     'set-cookie': [ '__cfduid=df7578545e4013be8c1bc663ac731e4031546012672; expires=Sat, 28-Dec-19 15:57:52 GMT; path=/; domain=.registry.npmjs.org; HttpOnly' ],
20 silly get     'cf-cache-status': 'REVALIDATED',
20 silly get     'cache-control': 'max-age=300',
20 silly get     'cf-ray': '490539a53f808a5b-BOM',
20 silly get     etag: 'W/"2fe651b79ad00a1d9a291e11d353edad"',
20 silly get     'expect-ct': 'max-age=604800, report-uri="https://report-uri.cloudflare.com/cdn-cgi/beacon/expect-ct"',
20 silly get     'last-modified': 'Sat, 22 Dec 2018 03:24:21 GMT',
20 silly get     vary: 'accept-encoding, accept',
20 silly get     'x-amz-meta-rev': '447-23d98fa9ecd31da689f9691231286e16',
20 silly get     server: 'cloudflare',
20 silly get     'content-encoding': 'gzip' } ]
21 verbose get saving node to /home/amma-nanna/.npm/registry.npmjs.org/node/.cache.json
22 silly install normalizeTree
23 silly loadCurrentTree Finishing
24 silly loadIdealTree Starting
25 silly install loadIdealTree
26 silly cloneCurrentTree Starting
27 silly install cloneCurrentTreeToIdealTree
28 silly cloneCurrentTree Finishing
29 silly loadShrinkwrap Starting
30 silly install loadShrinkwrap
31 silly loadShrinkwrap Finishing
32 silly loadAllDepsIntoIdealTree Starting
33 silly install loadAllDepsIntoIdealTree
34 silly resolveWithNewModule node@11.5.0 checking installable status
35 silly cache add args [ 'node', null ]
36 verbose cache add spec node
37 silly cache add parsed spec Result {
37 silly cache add   raw: 'node',
37 silly cache add   scope: null,
37 silly cache add   name: 'node',
37 silly cache add   rawSpec: '',
37 silly cache add   spec: 'latest',
37 silly cache add   type: 'tag' }
38 silly addNamed node@latest
39 verbose addNamed "latest" is being treated as a dist-tag for node
40 info addNameTag [ 'node', 'latest' ]
41 silly mapToRegistry name node
42 silly mapToRegistry using default registry
43 silly mapToRegistry registry https://registry.npmjs.org/
44 silly mapToRegistry uri https://registry.npmjs.org/node
45 verbose addNameTag registry:https://registry.npmjs.org/node not in flight; fetching
46 verbose get https://registry.npmjs.org/node not expired, no request
47 silly addNameTag next cb for node with tag latest
48 silly addNamed node@11.5.0
49 verbose addNamed "11.5.0" is a plain semver version for node
50 silly mapToRegistry name node
51 silly mapToRegistry using default registry
52 silly mapToRegistry registry https://registry.npmjs.org/
53 silly mapToRegistry uri https://registry.npmjs.org/node
54 verbose addRemoteTarball https://registry.npmjs.org/node/-/node-11.5.0.tgz not in flight; adding
55 verbose addRemoteTarball [ 'https://registry.npmjs.org/node/-/node-11.5.0.tgz',
55 verbose addRemoteTarball   'd2b34680d5d21af0c4eb3e81b1bae0aebf38bd45' ]
56 info retry fetch attempt 1 at 9:27:54 PM
57 info attempt registry request try #1 at 9:27:54 PM
58 http fetch GET https://registry.npmjs.org/node/-/node-11.5.0.tgz
59 http fetch 200 https://registry.npmjs.org/node/-/node-11.5.0.tgz
60 silly fetchAndShaCheck shasum d2b34680d5d21af0c4eb3e81b1bae0aebf38bd45
61 verbose addTmpTarball /tmp/npm-8842-0ceeb493/registry.npmjs.org/node/-/node-11.5.0.tgz not in flight; adding
62 verbose addTmpTarball already have metadata; skipping unpack for node@11.5.0
63 silly cache afterAdd node@11.5.0
64 verbose afterAdd /home/amma-nanna/.npm/node/11.5.0/package/package.json not in flight; writing
65 verbose afterAdd /home/amma-nanna/.npm/node/11.5.0/package/package.json written
66 silly fetchNamedPackageData node-bin-setup
67 silly mapToRegistry name node-bin-setup
68 silly mapToRegistry using default registry
69 silly mapToRegistry registry https://registry.npmjs.org/
70 silly mapToRegistry uri https://registry.npmjs.org/node-bin-setup
71 verbose request uri https://registry.npmjs.org/node-bin-setup
72 verbose request no auth needed
73 info attempt registry request try #1 at 9:27:54 PM
74 http request GET https://registry.npmjs.org/node-bin-setup
75 http 200 https://registry.npmjs.org/node-bin-setup
76 verbose headers { date: 'Fri, 28 Dec 2018 15:57:55 GMT',
76 verbose headers   'content-type': 'application/json; charset=UTF-8',
76 verbose headers   'transfer-encoding': 'chunked',
76 verbose headers   connection: 'keep-alive',
76 verbose headers   'set-cookie': [ '__cfduid=d213e8dd1ed06250f167fd71c8a9134c51546012674; expires=Sat, 28-Dec-19 15:57:54 GMT; path=/; domain=.registry.npmjs.org; HttpOnly' ],
76 verbose headers   'cf-cache-status': 'REVALIDATED',
76 verbose headers   'cache-control': 'max-age=300',
76 verbose headers   'cf-ray': '490539b07c848a7f-BOM',
76 verbose headers   etag: 'W/"696d6ec470fda56a33885508a280edab"',
76 verbose headers   'expect-ct': 'max-age=604800, report-uri="https://report-uri.cloudflare.com/cdn-cgi/beacon/expect-ct"',
76 verbose headers   'last-modified': 'Sun, 27 May 2018 09:55:03 GMT',
76 verbose headers   vary: 'accept-encoding, accept',
76 verbose headers   server: 'cloudflare',
76 verbose headers   'content-encoding': 'gzip' }
77 silly get cb [ 200,
77 silly get   { date: 'Fri, 28 Dec 2018 15:57:55 GMT',
77 silly get     'content-type': 'application/json; charset=UTF-8',
77 silly get     'transfer-encoding': 'chunked',
77 silly get     connection: 'keep-alive',
77 silly get     'set-cookie': [ '__cfduid=d213e8dd1ed06250f167fd71c8a9134c51546012674; expires=Sat, 28-Dec-19 15:57:54 GMT; path=/; domain=.registry.npmjs.org; HttpOnly' ],
77 silly get     'cf-cache-status': 'REVALIDATED',
77 silly get     'cache-control': 'max-age=300',
77 silly get     'cf-ray': '490539b07c848a7f-BOM',
77 silly get     etag: 'W/"696d6ec470fda56a33885508a280edab"',
77 silly get     'expect-ct': 'max-age=604800, report-uri="https://report-uri.cloudflare.com/cdn-cgi/beacon/expect-ct"',
77 silly get     'last-modified': 'Sun, 27 May 2018 09:55:03 GMT',
77 silly get     vary: 'accept-encoding, accept',
77 silly get     server: 'cloudflare',
77 silly get     'content-encoding': 'gzip' } ]
78 verbose get saving node-bin-setup to /home/amma-nanna/.npm/registry.npmjs.org/node-bin-setup/.cache.json
79 silly resolveWithNewModule node-bin-setup@1.0.6 checking installable status
80 silly cache add args [ 'node-bin-setup@^1.0.0', null ]
81 verbose cache add spec node-bin-setup@^1.0.0
82 silly cache add parsed spec Result {
82 silly cache add   raw: 'node-bin-setup@^1.0.0',
82 silly cache add   scope: null,
82 silly cache add   name: 'node-bin-setup',
82 silly cache add   rawSpec: '^1.0.0',
82 silly cache add   spec: '>=1.0.0 <2.0.0',
82 silly cache add   type: 'range' }
83 silly addNamed node-bin-setup@>=1.0.0 <2.0.0
84 verbose addNamed ">=1.0.0 <2.0.0" is a valid semver range for node-bin-setup
85 silly addNameRange { name: 'node-bin-setup',
85 silly addNameRange   range: '>=1.0.0 <2.0.0',
85 silly addNameRange   hasData: false }
86 silly mapToRegistry name node-bin-setup
87 silly mapToRegistry using default registry
88 silly mapToRegistry registry https://registry.npmjs.org/
89 silly mapToRegistry uri https://registry.npmjs.org/node-bin-setup
90 verbose addNameRange registry:https://registry.npmjs.org/node-bin-setup not in flight; fetching
91 verbose get https://registry.npmjs.org/node-bin-setup not expired, no request
92 silly addNameRange number 2 { name: 'node-bin-setup',
92 silly addNameRange   range: '>=1.0.0 <2.0.0',
92 silly addNameRange   hasData: true }
93 silly addNameRange versions [ 'node-bin-setup',
93 silly addNameRange   [ '1.0.0', '1.0.1', '1.0.2', '1.0.3', '1.0.4', '1.0.6' ] ]
94 silly addNamed node-bin-setup@1.0.6
95 verbose addNamed "1.0.6" is a plain semver version for node-bin-setup
96 silly mapToRegistry name node-bin-setup
97 silly mapToRegistry using default registry
98 silly mapToRegistry registry https://registry.npmjs.org/
99 silly mapToRegistry uri https://registry.npmjs.org/node-bin-setup
100 verbose addRemoteTarball https://registry.npmjs.org/node-bin-setup/-/node-bin-setup-1.0.6.tgz not in flight; adding
101 verbose addRemoteTarball [ 'https://registry.npmjs.org/node-bin-setup/-/node-bin-setup-1.0.6.tgz',
101 verbose addRemoteTarball   '4b5c9bb937ece702d7069b36ca78af4684677528' ]
102 info retry fetch attempt 1 at 9:27:55 PM
103 info attempt registry request try #1 at 9:27:55 PM
104 http fetch GET https://registry.npmjs.org/node-bin-setup/-/node-bin-setup-1.0.6.tgz
105 http fetch 200 https://registry.npmjs.org/node-bin-setup/-/node-bin-setup-1.0.6.tgz
106 silly fetchAndShaCheck shasum 4b5c9bb937ece702d7069b36ca78af4684677528
107 verbose addTmpTarball /tmp/npm-8842-0ceeb493/registry.npmjs.org/node-bin-setup/-/node-bin-setup-1.0.6.tgz not in flight; adding
108 verbose addTmpTarball already have metadata; skipping unpack for node-bin-setup@1.0.6
109 silly cache afterAdd node-bin-setup@1.0.6
110 verbose afterAdd /home/amma-nanna/.npm/node-bin-setup/1.0.6/package/package.json not in flight; writing
111 verbose afterAdd /home/amma-nanna/.npm/node-bin-setup/1.0.6/package/package.json written
112 silly loadAllDepsIntoIdealTree Finishing
113 silly idealTree:prePrune CTL-js-1
113 silly idealTree:prePrune ├── ansi@0.3.1
113 silly idealTree:prePrune ├── array-sugar@0.2.4
113 silly idealTree:prePrune ├── async@0.9.2
113 silly idealTree:prePrune ├── combined-stream@0.0.7
113 silly idealTree:prePrune ├── component-emitter@1.1.2
113 silly idealTree:prePrune ├── cookiejar@2.0.1
113 silly idealTree:prePrune ├── core-util-is@1.0.2
113 silly idealTree:prePrune ├── debug@1.0.5
113 silly idealTree:prePrune ├── delayed-stream@0.0.5
113 silly idealTree:prePrune ├── extend@1.2.1
113 silly idealTree:prePrune ├── form-data@0.1.3
113 silly idealTree:prePrune ├── formidable@1.0.14
113 silly idealTree:prePrune ├── inherits@2.0.3
113 silly idealTree:prePrune ├── isarray@0.0.1
113 silly idealTree:prePrune ├── lodash@2.4.2
113 silly idealTree:prePrune ├── methods@1.0.1
113 silly idealTree:prePrune ├── mime@1.2.11
113 silly idealTree:prePrune ├── ms@2.0.0
113 silly idealTree:prePrune ├── node-bin-setup@1.0.6
113 silly idealTree:prePrune ├── node-latest-version@1.0.16
113 silly idealTree:prePrune ├── node@11.5.0
113 silly idealTree:prePrune ├── npmlog@0.1.1
113 silly idealTree:prePrune ├── qs@0.6.6
113 silly idealTree:prePrune ├── readable-stream@1.0.27-1
113 silly idealTree:prePrune ├── reduce-component@1.0.1
113 silly idealTree:prePrune ├── semver@2.3.2
113 silly idealTree:prePrune ├── string_decoder@0.10.31
113 silly idealTree:prePrune └── superagent@0.18.2
114 silly loadIdealTree Finishing
115 silly currentTree CTL-js-1
115 silly currentTree ├── ansi@0.3.1
115 silly currentTree ├── array-sugar@0.2.4
115 silly currentTree ├── async@0.9.2
115 silly currentTree ├── combined-stream@0.0.7
115 silly currentTree ├── component-emitter@1.1.2
115 silly currentTree ├── cookiejar@2.0.1
115 silly currentTree ├── core-util-is@1.0.2
115 silly currentTree ├── debug@1.0.5
115 silly currentTree ├── delayed-stream@0.0.5
115 silly currentTree ├── extend@1.2.1
115 silly currentTree ├── form-data@0.1.3
115 silly currentTree ├── formidable@1.0.14
115 silly currentTree ├── inherits@2.0.3
115 silly currentTree ├── isarray@0.0.1
115 silly currentTree ├── lodash@2.4.2
115 silly currentTree ├── methods@1.0.1
115 silly currentTree ├── mime@1.2.11
115 silly currentTree ├── ms@2.0.0
115 silly currentTree ├── node-latest-version@1.0.16
115 silly currentTree ├── npmlog@0.1.1
115 silly currentTree ├── qs@0.6.6
115 silly currentTree ├── readable-stream@1.0.27-1
115 silly currentTree ├── reduce-component@1.0.1
115 silly currentTree ├── semver@2.3.2
115 silly currentTree ├── string_decoder@0.10.31
115 silly currentTree └── superagent@0.18.2
116 silly idealTree CTL-js-1
116 silly idealTree ├── ansi@0.3.1
116 silly idealTree ├── array-sugar@0.2.4
116 silly idealTree ├── async@0.9.2
116 silly idealTree ├── combined-stream@0.0.7
116 silly idealTree ├── component-emitter@1.1.2
116 silly idealTree ├── cookiejar@2.0.1
116 silly idealTree ├── core-util-is@1.0.2
116 silly idealTree ├── debug@1.0.5
116 silly idealTree ├── delayed-stream@0.0.5
116 silly idealTree ├── extend@1.2.1
116 silly idealTree ├── form-data@0.1.3
116 silly idealTree ├── formidable@1.0.14
116 silly idealTree ├── inherits@2.0.3
116 silly idealTree ├── isarray@0.0.1
116 silly idealTree ├── lodash@2.4.2
116 silly idealTree ├── methods@1.0.1
116 silly idealTree ├── mime@1.2.11
116 silly idealTree ├── ms@2.0.0
116 silly idealTree ├── node-bin-setup@1.0.6
116 silly idealTree ├── node-latest-version@1.0.16
116 silly idealTree ├── node@11.5.0
116 silly idealTree ├── npmlog@0.1.1
116 silly idealTree ├── qs@0.6.6
116 silly idealTree ├── readable-stream@1.0.27-1
116 silly idealTree ├── reduce-component@1.0.1
116 silly idealTree ├── semver@2.3.2
116 silly idealTree ├── string_decoder@0.10.31
116 silly idealTree └── superagent@0.18.2
117 silly generateActionsToTake Starting
118 silly install generateActionsToTake
119 silly generateActionsToTake Finishing
120 silly diffTrees action count 2
121 silly diffTrees add node-bin-setup@1.0.6
122 silly diffTrees add node@11.5.0
123 silly decomposeActions action count 16
124 silly decomposeActions fetch node-bin-setup@1.0.6
125 silly decomposeActions extract node-bin-setup@1.0.6
126 silly decomposeActions test node-bin-setup@1.0.6
127 silly decomposeActions preinstall node-bin-setup@1.0.6
128 silly decomposeActions build node-bin-setup@1.0.6
129 silly decomposeActions install node-bin-setup@1.0.6
130 silly decomposeActions postinstall node-bin-setup@1.0.6
131 silly decomposeActions finalize node-bin-setup@1.0.6
132 silly decomposeActions fetch node@11.5.0
133 silly decomposeActions extract node@11.5.0
134 silly decomposeActions test node@11.5.0
135 silly decomposeActions preinstall node@11.5.0
136 silly decomposeActions build node@11.5.0
137 silly decomposeActions install node@11.5.0
138 silly decomposeActions postinstall node@11.5.0
139 silly decomposeActions finalize node@11.5.0
140 silly executeActions Starting
141 silly install executeActions
142 silly doSerial global-install 0
143 silly doParallel fetch 2
144 verbose lock using /home/amma-nanna/.npm/_locks/staging-559fd837cbe104ff.lock for /home/amma-nanna/Desktop/CTL-js/CTL-js-1/node_modules/.staging
145 silly doParallel extract 2
146 silly extract node-bin-setup@1.0.6
147 silly extract node@11.5.0
148 verbose unbuild node_modules/.staging/node-bin-setup-fc4d5d7d
149 verbose unbuild node_modules/.staging/node-62578056
150 silly gentlyRm /home/amma-nanna/Desktop/CTL-js/CTL-js-1/node_modules/.staging/node-bin-setup-fc4d5d7d is being purged from base /home/amma-nanna/Desktop/CTL-js/CTL-js-1
151 verbose gentlyRm don't care about contents; nuking /home/amma-nanna/Desktop/CTL-js/CTL-js-1/node_modules/.staging/node-bin-setup-fc4d5d7d
152 verbose tar unpack /home/amma-nanna/.npm/node-bin-setup/1.0.6/package.tgz
153 verbose tar unpacking to /home/amma-nanna/Desktop/CTL-js/CTL-js-1/node_modules/.staging/node-bin-setup-fc4d5d7d
154 silly gentlyRm /home/amma-nanna/Desktop/CTL-js/CTL-js-1/node_modules/.staging/node-bin-setup-fc4d5d7d is being purged
155 verbose gentlyRm don't care about contents; nuking /home/amma-nanna/Desktop/CTL-js/CTL-js-1/node_modules/.staging/node-bin-setup-fc4d5d7d
156 silly gentlyRm /home/amma-nanna/Desktop/CTL-js/CTL-js-1/node_modules/.staging/node-62578056 is being purged from base /home/amma-nanna/Desktop/CTL-js/CTL-js-1
157 verbose gentlyRm don't care about contents; nuking /home/amma-nanna/Desktop/CTL-js/CTL-js-1/node_modules/.staging/node-62578056
158 silly gunzTarPerm modes [ '775', '664' ]
159 verbose tar unpack /home/amma-nanna/.npm/node/11.5.0/package.tgz
160 verbose tar unpacking to /home/amma-nanna/Desktop/CTL-js/CTL-js-1/node_modules/.staging/node-62578056
161 silly gentlyRm /home/amma-nanna/Desktop/CTL-js/CTL-js-1/node_modules/.staging/node-62578056 is being purged
162 verbose gentlyRm don't care about contents; nuking /home/amma-nanna/Desktop/CTL-js/CTL-js-1/node_modules/.staging/node-62578056
163 silly gunzTarPerm modes [ '775', '664' ]
164 silly gunzTarPerm extractEntry package.json
165 silly gunzTarPerm modified mode [ 'package.json', 420, 436 ]
166 silly gunzTarPerm extractEntry package.json
167 silly gunzTarPerm modified mode [ 'package.json', 420, 436 ]
168 silly gunzTarPerm extractEntry index.js
169 silly gunzTarPerm modified mode [ 'index.js', 420, 436 ]
170 silly gunzTarPerm extractEntry installArchSpecificPackage.js
171 silly gunzTarPerm modified mode [ 'installArchSpecificPackage.js', 420, 436 ]
172 silly gunzTarPerm extractEntry README.md
173 silly gunzTarPerm modified mode [ 'README.md', 420, 436 ]
174 silly gentlyRm /home/amma-nanna/Desktop/CTL-js/CTL-js-1/node_modules/.staging/node-bin-setup-fc4d5d7d/node_modules is being purged
175 verbose gentlyRm don't care about contents; nuking /home/amma-nanna/Desktop/CTL-js/CTL-js-1/node_modules/.staging/node-bin-setup-fc4d5d7d/node_modules
176 silly gentlyRm /home/amma-nanna/Desktop/CTL-js/CTL-js-1/node_modules/.staging/node-62578056/node_modules is being purged
177 verbose gentlyRm don't care about contents; nuking /home/amma-nanna/Desktop/CTL-js/CTL-js-1/node_modules/.staging/node-62578056/node_modules
178 silly doParallel preinstall 2
179 silly preinstall node-bin-setup@1.0.6 /home/amma-nanna/Desktop/CTL-js/CTL-js-1/node_modules/.staging/node-bin-setup-fc4d5d7d
180 info lifecycle node-bin-setup@1.0.6~preinstall: node-bin-setup@1.0.6
181 silly preinstall node@11.5.0 /home/amma-nanna/Desktop/CTL-js/CTL-js-1/node_modules/.staging/node-62578056
182 info lifecycle node@11.5.0~preinstall: node@11.5.0
183 silly lifecycle node-bin-setup@1.0.6~preinstall: no script for preinstall, continuing
184 verbose lifecycle node@11.5.0~preinstall: unsafe-perm in lifecycle true
185 verbose lifecycle node@11.5.0~preinstall: PATH: /usr/share/npm/bin/node-gyp-bin:/home/amma-nanna/Desktop/CTL-js/CTL-js-1/node_modules/.staging/node-62578056/node_modules/.bin:/home/amma-nanna/Desktop/CTL-js/CTL-js-1/node_modules/.bin:/usr/local/sbin:/usr/local/bin:/usr/sbin:/usr/bin:/sbin:/bin:/usr/games:/usr/local/games:/snap/bin:/usr/local/java/jdk1.8.0_111/bin:/usr/local/java/jdk1.8.0_111/jre/bin:/snap/bin:/usr/local/java/jdk1.8.0_111/bin:/usr/local/java/jdk1.8.0_111/jre/bin
186 verbose lifecycle node@11.5.0~preinstall: CWD: /home/amma-nanna/Desktop/CTL-js/CTL-js-1/node_modules/.staging/node-62578056
187 silly lifecycle node@11.5.0~preinstall: Args: [ '-c', 'node installArchSpecificPackage' ]
188 silly lifecycle node@11.5.0~preinstall: Returned: code: 1  signal: null
189 info lifecycle node@11.5.0~preinstall: Failed to exec preinstall script
190 verbose unlock done using /home/amma-nanna/.npm/_locks/staging-559fd837cbe104ff.lock for /home/amma-nanna/Desktop/CTL-js/CTL-js-1/node_modules/.staging
191 silly rollbackFailedOptional Starting
192 silly rollbackFailedOptional Finishing
193 silly runTopLevelLifecycles Starting
194 silly runTopLevelLifecycles Finishing
195 silly install printInstalled
196 warn enoent ENOENT: no such file or directory, open '/home/amma-nanna/Desktop/CTL-js/CTL-js-1/package.json'
197 warn CTL-js-1 No description
198 warn CTL-js-1 No repository field.
199 warn CTL-js-1 No README data
200 warn CTL-js-1 No license field.
201 verbose stack Error: node@11.5.0 preinstall: `node installArchSpecificPackage`
201 verbose stack Exit status 1
201 verbose stack     at EventEmitter.<anonymous> (/usr/share/npm/lib/utils/lifecycle.js:232:16)
201 verbose stack     at emitTwo (events.js:87:13)
201 verbose stack     at EventEmitter.emit (events.js:172:7)
201 verbose stack     at ChildProcess.<anonymous> (/usr/share/npm/lib/utils/spawn.js:24:14)
201 verbose stack     at emitTwo (events.js:87:13)
201 verbose stack     at ChildProcess.emit (events.js:172:7)
201 verbose stack     at maybeClose (internal/child_process.js:821:16)
201 verbose stack     at Process.ChildProcess._handle.onexit (internal/child_process.js:211:5)
202 verbose pkgid node@11.5.0
203 verbose cwd /home/amma-nanna/Desktop/CTL-js/CTL-js-1
204 error Linux 4.4.0-141-generic
205 error argv "/usr/bin/nodejs" "/usr/bin/npm" "install" "node"
206 error node v4.2.6
207 error npm  v3.5.2
208 error code ELIFECYCLE
209 error node@11.5.0 preinstall: `node installArchSpecificPackage`
209 error Exit status 1
210 error Failed at the node@11.5.0 preinstall script 'node installArchSpecificPackage'.
210 error Make sure you have the latest version of node.js and npm installed.
210 error If you do, this is most likely a problem with the node package,
210 error not with npm itself.
210 error Tell the author that this fails on your system:
210 error     node installArchSpecificPackage
210 error You can get information on how to open an issue for this project with:
210 error     npm bugs node
210 error Or if that isn't available, you can get their info via:
210 error     npm owner ls node
210 error There is likely additional logging output above.
211 verbose exit [ 1, true ]
